<webscript>
  <shortname>export-list</shortname>
  <description>Delete one document from user's list</description>
  <url>/test/transform</url>
  <format default="json">argument</format>
  <authentication>user</authentication>
  <transaction>required</transaction>
</webscript>
